<?xml version="1.0" encoding="utf-8"?>
<TestRun id="70fc1d1f-8ca4-434b-b899-00eeb2c938c5" name="@Myles 2026-02-21 02:10:32" xmlns="http://microsoft.com/schemas/VisualStudio/TeamTest/2010">
  <Times creation="2026-02-21T02:10:32.8532700+08:00" queuing="2026-02-21T02:10:32.8532700+08:00" start="2026-02-21T02:10:31.9796560+08:00" finish="2026-02-21T02:10:32.8565430+08:00" />
  <TestSettings name="default" id="9500e41d-8aa3-4f39-b762-25d3e92a7d52">
    <Deployment runDeploymentRoot="_Myles_2026-02-21_02_10_32" />
  </TestSettings>
  <Results>
    <UnitTestResult executionId="3ada5cb5-06be-4b8a-9ade-94bfb15b12b2" testId="7a5384fc-0532-07a5-79f7-f9887e80e5c4" testName="Payment_Updates_PaymentStatus(&quot;4111111111111111&quot;,&quot;APPROVED&quot;)" computerName="Myles" duration="00:00:00.0279030" startTime="2026-02-21T02:10:32.6630700+08:00" endTime="2026-02-21T02:10:32.6909720+08:00" testType="13cdc9d9-ddb5-4fa4-a97d-d965ccfc6d4b" outcome="Passed" testListId="8c84fa94-04c1-424b-9868-57a2d4851a1d" relativeResultsDirectory="3ada5cb5-06be-4b8a-9ade-94bfb15b12b2" />
    <UnitTestResult executionId="580a7d4c-f9f3-41b7-970a-7fac704bc6b0" testId="b1d1f293-de2f-ad43-2f4a-ed103a209ec4" testName="Payment_Updates_PaymentStatus(&quot;4000000000000002&quot;,&quot;DECLINED&quot;)" computerName="Myles" duration="00:00:00.0119360" startTime="2026-02-21T02:10:32.6909930+08:00" endTime="2026-02-21T02:10:32.7029290+08:00" testType="13cdc9d9-ddb5-4fa4-a97d-d965ccfc6d4b" outcome="Passed" testListId="8c84fa94-04c1-424b-9868-57a2d4851a1d" relativeResultsDirectory="580a7d4c-f9f3-41b7-970a-7fac704bc6b0" />
    <UnitTestResult executionId="6a2c2327-d16e-4379-8607-511afeba3190" testId="b9c57e34-02fa-7ba9-fa0b-5f798b7a242b" testName="Checkout_Persists_Header_And_Lines" computerName="Myles" duration="00:00:00.1739260" startTime="2026-02-21T02:10:32.4878140+08:00" endTime="2026-02-21T02:10:32.6617140+08:00" testType="13cdc9d9-ddb5-4fa4-a97d-d965ccfc6d4b" outcome="Passed" testListId="8c84fa94-04c1-424b-9868-57a2d4851a1d" relativeResultsDirectory="6a2c2327-d16e-4379-8607-511afeba3190" />
  </Results>
  <TestDefinitions>
    <UnitTest name="Checkout_Persists_Header_And_Lines" storage="/users/myles/desktop/checkout-service-integration-tests/checkoutservice.integrationtests/bin/debug/net8.0/checkoutservice.integrationtests.dll" id="b9c57e34-02fa-7ba9-fa0b-5f798b7a242b">
      <Execution id="6a2c2327-d16e-4379-8607-511afeba3190" />
      <TestMethod codeBase="/Users/myles/Desktop/checkout-service-integration-tests/CheckoutService.IntegrationTests/bin/Debug/net8.0/CheckoutService.IntegrationTests.dll" adapterTypeName="executor://nunit3testexecutor/" className="CheckoutService.IntegrationTests.Tests.CheckoutTests" name="Checkout_Persists_Header_And_Lines" />
    </UnitTest>
    <UnitTest name="Payment_Updates_PaymentStatus(&quot;4111111111111111&quot;,&quot;APPROVED&quot;)" storage="/users/myles/desktop/checkout-service-integration-tests/checkoutservice.integrationtests/bin/debug/net8.0/checkoutservice.integrationtests.dll" id="7a5384fc-0532-07a5-79f7-f9887e80e5c4">
      <Execution id="3ada5cb5-06be-4b8a-9ade-94bfb15b12b2" />
      <TestMethod codeBase="/Users/myles/Desktop/checkout-service-integration-tests/CheckoutService.IntegrationTests/bin/Debug/net8.0/CheckoutService.IntegrationTests.dll" adapterTypeName="executor://nunit3testexecutor/" className="CheckoutService.IntegrationTests.Tests.PaymentTests" name="Payment_Updates_PaymentStatus(&quot;4111111111111111&quot;,&quot;APPROVED&quot;)" />
    </UnitTest>
    <UnitTest name="Payment_Updates_PaymentStatus(&quot;4000000000000002&quot;,&quot;DECLINED&quot;)" storage="/users/myles/desktop/checkout-service-integration-tests/checkoutservice.integrationtests/bin/debug/net8.0/checkoutservice.integrationtests.dll" id="b1d1f293-de2f-ad43-2f4a-ed103a209ec4">
      <Execution id="580a7d4c-f9f3-41b7-970a-7fac704bc6b0" />
      <TestMethod codeBase="/Users/myles/Desktop/checkout-service-integration-tests/CheckoutService.IntegrationTests/bin/Debug/net8.0/CheckoutService.IntegrationTests.dll" adapterTypeName="executor://nunit3testexecutor/" className="CheckoutService.IntegrationTests.Tests.PaymentTests" name="Payment_Updates_PaymentStatus(&quot;4000000000000002&quot;,&quot;DECLINED&quot;)" />
    </UnitTest>
  </TestDefinitions>
  <TestEntries>
    <TestEntry testId="7a5384fc-0532-07a5-79f7-f9887e80e5c4" executionId="3ada5cb5-06be-4b8a-9ade-94bfb15b12b2" testListId="8c84fa94-04c1-424b-9868-57a2d4851a1d" />
    <TestEntry testId="b1d1f293-de2f-ad43-2f4a-ed103a209ec4" executionId="580a7d4c-f9f3-41b7-970a-7fac704bc6b0" testListId="8c84fa94-04c1-424b-9868-57a2d4851a1d" />
    <TestEntry testId="b9c57e34-02fa-7ba9-fa0b-5f798b7a242b" executionId="6a2c2327-d16e-4379-8607-511afeba3190" testListId="8c84fa94-04c1-424b-9868-57a2d4851a1d" />
  </TestEntries>
  <TestLists>
    <TestList name="Results Not in a List" id="8c84fa94-04c1-424b-9868-57a2d4851a1d" />
    <TestList name="All Loaded Results" id="19431567-8539-422a-85d7-44ee4e166bda" />
  </TestLists>
  <ResultSummary outcome="Completed">
    <Counters total="3" executed="3" passed="3" failed="0" error="0" timeout="0" aborted="0" inconclusive="0" passedButRunAborted="0" notRunnable="0" notExecuted="0" disconnected="0" warning="0" completed="0" inProgress="0" pending="0" />
    <Output>
      <StdOut>NUnit Adapter 6.1.0.0: Test execution started
Running all tests in /Users/myles/Desktop/checkout-service-integration-tests/CheckoutService.IntegrationTests/bin/Debug/net8.0/CheckoutService.IntegrationTests.dll
   NUnit3TestExecutor discovered 3 of 3 NUnit test cases using Current Discovery mode, Non-Explicit run
NUnit Adapter 6.1.0.0: Test execution complete
</StdOut>
    </Output>
    <CollectorDataEntries>
      <Collector agentName="Myles" uri="datacollector://microsoft/CoverletCodeCoverage/1.0" collectorDisplayName="XPlat code coverage">
        <UriAttachments>
          <UriAttachment>
            <A href="Myles/coverage.cobertura.xml"></A>
          </UriAttachment>
        </UriAttachments>
      </Collector>
    </CollectorDataEntries>
  </ResultSummary>
</TestRun>